<?xml version="1.0" encoding="UTF-8"?>
<!-- Generated by org.testng.reporters.JUnitXMLReporter -->
<testsuite ignored="0" hostname="DESKTOP-AGBN59L" failures="0" tests="3" name="Default test" time="4.132" errors="0" timestamp="2023-05-15T14:36:00 IST">
  <testcase classname="test.PutPatchandDeleteExample" name="Patch_test" time="3.027"/>
  <testcase classname="test.PutPatchandDeleteExample" name="Put_test" time="0.492"/>
  <testcase classname="test.PutPatchandDeleteExample" name="Test_Delete" time="0.512"/>
</testsuite> <!-- Default test -->
